<?xml version="1.0" encoding="UTF-8"?>
<!-- Generated by org.testng.reporters.JUnitReportReporter -->
<testsuite skipped="0" hostname="Siddu" name="com.scripts.actitime.TESTActitimeEditCustomer" tests="1" failures="0" timestamp="23 Sep 2020 16:36:18 GMT" time="98.437" errors="0">
  <testcase name="deleteCustomer" time="98.437" classname="com.scripts.actitime.TESTActitimeEditCustomer"/>
</testsuite> <!-- com.scripts.actitime.TESTActitimeEditCustomer -->
