<?xml version="1.0" encoding="UTF-8"?>
<!-- Generated by org.testng.reporters.JUnitReportReporter -->
<testsuite skipped="0" hostname="Siddu" name="com.scripts.actitime.TESTActitimeEditWork" tests="1" failures="0" timestamp="23 Sep 2020 16:36:18 GMT" time="100.604" errors="0">
  <testcase name="editTypeOfWork" time="100.604" classname="com.scripts.actitime.TESTActitimeEditWork"/>
</testsuite> <!-- com.scripts.actitime.TESTActitimeEditWork -->
