<?xml version="1.0" encoding="UTF-8"?>
<!-- Generated by org.testng.reporters.JUnitReportReporter -->
<testsuite skipped="0" hostname="Siddu" name="com.scripts.actitime.TESTActitimeLogin" tests="1" failures="0" timestamp="23 Sep 2020 16:36:18 GMT" time="36.785" errors="0">
  <testcase name="loginActitime" time="36.785" classname="com.scripts.actitime.TESTActitimeLogin"/>
</testsuite> <!-- com.scripts.actitime.TESTActitimeLogin -->
