<?xml version="1.0" encoding="UTF-8"?>
<!-- Generated by org.testng.reporters.JUnitReportReporter -->
<testsuite skipped="0" hostname="Siddu" name="com.scripts.actitime.TESTActitimeDeleteCustomer" tests="1" failures="0" timestamp="23 Sep 2020 16:36:18 GMT" time="80.971" errors="0">
  <testcase name="deleteCustomer" time="80.971" classname="com.scripts.actitime.TESTActitimeDeleteCustomer"/>
</testsuite> <!-- com.scripts.actitime.TESTActitimeDeleteCustomer -->
