<?xml version="1.0" encoding="UTF-8"?>
<!-- Generated by org.testng.reporters.JUnitReportReporter -->
<testsuite skipped="0" hostname="Siddu" name="com.scripts.actitime.TESTActitimeWorkType" tests="1" failures="0" timestamp="23 Sep 2020 16:36:17 GMT" time="57.561" errors="0">
  <testcase name="createWork" time="57.561" classname="com.scripts.actitime.TESTActitimeWorkType"/>
</testsuite> <!-- com.scripts.actitime.TESTActitimeWorkType -->
