<?xml version="1.0" encoding="UTF-8"?>
<!-- Generated by org.testng.reporters.JUnitReportReporter -->
<testsuite skipped="0" hostname="Siddu" name="com.scripts.actitime.TESTActitimeCreateCutomer" tests="1" failures="0" timestamp="23 Sep 2020 16:36:18 GMT" time="49.046" errors="0">
  <testcase name="createCustomer" time="49.046" classname="com.scripts.actitime.TESTActitimeCreateCutomer"/>
</testsuite> <!-- com.scripts.actitime.TESTActitimeCreateCutomer -->
