<?xml version="1.0" encoding="UTF-8"?>
<!-- Generated by org.testng.reporters.JUnitReportReporter -->
<testsuite skipped="0" hostname="Siddu" name="com.scripts.actitime.TESTActitimeDeleteWorkType" tests="1" failures="0" timestamp="23 Sep 2020 16:36:18 GMT" time="35.011" errors="0">
  <testcase name="deleteTypeOfWork" time="35.011" classname="com.scripts.actitime.TESTActitimeDeleteWorkType"/>
</testsuite> <!-- com.scripts.actitime.TESTActitimeDeleteWorkType -->
